<?xml version="1.0" encoding="UTF-8"?>
<coverage generated="1776316777249" clover="3.2.0">
  <project timestamp="1776316777249" name="All files">
    <metrics statements="171" coveredstatements="0" conditionals="32" coveredconditionals="0" methods="45" coveredmethods="0" elements="248" coveredelements="0" complexity="0" loc="171" ncloc="171" packages="1" files="2" classes="2"/>
    <file name="script.js" path="/Users/bradwoo/smart_port/it-english-coach/script.js">
      <metrics statements="154" coveredstatements="0" conditionals="28" coveredconditionals="0" methods="38" coveredmethods="0"/>
      <line num="4" count="0" type="stmt"/>
      <line num="107" count="0" type="stmt"/>
      <line num="158" count="0" type="stmt"/>
      <line num="179" count="0" type="stmt"/>
      <line num="191" count="0" type="stmt"/>
      <line num="229" count="0" type="stmt"/>
      <line num="287" count="0" type="stmt"/>
      <line num="288" count="0" type="stmt"/>
      <line num="289" count="0" type="stmt"/>
      <line num="290" count="0" type="stmt"/>
      <line num="298" count="0" type="stmt"/>
      <line num="299" count="0" type="stmt"/>
      <line num="300" count="0" type="stmt"/>
      <line num="301" count="0" type="stmt"/>
      <line num="302" count="0" type="stmt"/>
      <line num="303" count="0" type="stmt"/>
      <line num="304" count="0" type="stmt"/>
      <line num="305" count="0" type="stmt"/>
      <line num="306" count="0" type="stmt"/>
      <line num="307" count="0" type="stmt"/>
      <line num="309" count="0" type="stmt"/>
      <line num="310" count="0" type="stmt"/>
      <line num="311" count="0" type="stmt"/>
      <line num="312" count="0" type="stmt"/>
      <line num="313" count="0" type="stmt"/>
      <line num="315" count="0" type="stmt"/>
      <line num="317" count="0" type="stmt"/>
      <line num="318" count="0" type="stmt"/>
      <line num="319" count="0" type="stmt"/>
      <line num="320" count="0" type="stmt"/>
      <line num="321" count="0" type="stmt"/>
      <line num="322" count="0" type="stmt"/>
      <line num="324" count="0" type="stmt"/>
      <line num="325" count="0" type="stmt"/>
      <line num="326" count="0" type="stmt"/>
      <line num="328" count="0" type="stmt"/>
      <line num="329" count="0" type="stmt"/>
      <line num="330" count="0" type="stmt"/>
      <line num="331" count="0" type="stmt"/>
      <line num="332" count="0" type="stmt"/>
      <line num="335" count="0" type="stmt"/>
      <line num="336" count="0" type="stmt"/>
      <line num="343" count="0" type="stmt"/>
      <line num="344" count="0" type="stmt"/>
      <line num="345" count="0" type="stmt"/>
      <line num="346" count="0" type="stmt"/>
      <line num="347" count="0" type="stmt"/>
      <line num="353" count="0" type="stmt"/>
      <line num="354" count="0" type="stmt"/>
      <line num="355" count="0" type="stmt"/>
      <line num="356" count="0" type="stmt"/>
      <line num="357" count="0" type="stmt"/>
      <line num="358" count="0" type="stmt"/>
      <line num="359" count="0" type="stmt"/>
      <line num="360" count="0" type="stmt"/>
      <line num="362" count="0" type="stmt"/>
      <line num="363" count="0" type="stmt"/>
      <line num="367" count="0" type="stmt"/>
      <line num="368" count="0" type="stmt"/>
      <line num="372" count="0" type="stmt"/>
      <line num="380" count="0" type="stmt"/>
      <line num="381" count="0" type="stmt"/>
      <line num="382" count="0" type="stmt"/>
      <line num="383" count="0" type="stmt"/>
      <line num="384" count="0" type="stmt"/>
      <line num="388" count="0" type="stmt"/>
      <line num="389" count="0" type="stmt"/>
      <line num="390" count="0" type="stmt"/>
      <line num="392" count="0" type="stmt"/>
      <line num="394" count="0" type="stmt"/>
      <line num="395" count="0" type="stmt"/>
      <line num="396" count="0" type="cond" truecount="0" falsecount="2"/>
      <line num="397" count="0" type="stmt"/>
      <line num="400" count="0" type="stmt"/>
      <line num="401" count="0" type="stmt"/>
      <line num="403" count="0" type="stmt"/>
      <line num="404" count="0" type="cond" truecount="0" falsecount="2"/>
      <line num="405" count="0" type="stmt"/>
      <line num="406" count="0" type="cond" truecount="0" falsecount="2"/>
      <line num="407" count="0" type="stmt"/>
      <line num="411" count="0" type="stmt"/>
      <line num="420" count="0" type="stmt"/>
      <line num="421" count="0" type="stmt"/>
      <line num="434" count="0" type="stmt"/>
      <line num="436" count="0" type="cond" truecount="0" falsecount="2"/>
      <line num="437" count="0" type="stmt"/>
      <line num="438" count="0" type="stmt"/>
      <line num="443" count="0" type="stmt"/>
      <line num="446" count="0" type="stmt"/>
      <line num="448" count="0" type="cond" truecount="0" falsecount="2"/>
      <line num="449" count="0" type="stmt"/>
      <line num="450" count="0" type="stmt"/>
      <line num="453" count="0" type="stmt"/>
      <line num="454" count="0" type="stmt"/>
      <line num="458" count="0" type="stmt"/>
      <line num="459" count="0" type="stmt"/>
      <line num="465" count="0" type="stmt"/>
      <line num="470" count="0" type="cond" truecount="0" falsecount="2"/>
      <line num="471" count="0" type="stmt"/>
      <line num="472" count="0" type="stmt"/>
      <line num="478" count="0" type="stmt"/>
      <line num="479" count="0" type="stmt"/>
      <line num="483" count="0" type="stmt"/>
      <line num="484" count="0" type="stmt"/>
      <line num="485" count="0" type="cond" truecount="0" falsecount="2"/>
      <line num="486" count="0" type="cond" truecount="0" falsecount="2"/>
      <line num="490" count="0" type="stmt"/>
      <line num="491" count="0" type="cond" truecount="0" falsecount="2"/>
      <line num="492" count="0" type="stmt"/>
      <line num="493" count="0" type="stmt"/>
      <line num="498" count="0" type="stmt"/>
      <line num="499" count="0" type="cond" truecount="0" falsecount="2"/>
      <line num="500" count="0" type="stmt"/>
      <line num="501" count="0" type="stmt"/>
      <line num="502" count="0" type="stmt"/>
      <line num="504" count="0" type="stmt"/>
      <line num="510" count="0" type="stmt"/>
      <line num="514" count="0" type="stmt"/>
      <line num="515" count="0" type="stmt"/>
      <line num="517" count="0" type="stmt"/>
      <line num="519" count="0" type="stmt"/>
      <line num="524" count="0" type="stmt"/>
      <line num="525" count="0" type="stmt"/>
      <line num="527" count="0" type="stmt"/>
      <line num="528" count="0" type="stmt"/>
      <line num="529" count="0" type="stmt"/>
      <line num="532" count="0" type="stmt"/>
      <line num="533" count="0" type="stmt"/>
      <line num="534" count="0" type="stmt"/>
      <line num="537" count="0" type="stmt"/>
      <line num="539" count="0" type="stmt"/>
      <line num="540" count="0" type="stmt"/>
      <line num="543" count="0" type="stmt"/>
      <line num="544" count="0" type="stmt"/>
      <line num="547" count="0" type="stmt"/>
      <line num="548" count="0" type="stmt"/>
      <line num="553" count="0" type="stmt"/>
      <line num="554" count="0" type="stmt"/>
      <line num="555" count="0" type="stmt"/>
      <line num="556" count="0" type="stmt"/>
      <line num="557" count="0" type="stmt"/>
      <line num="558" count="0" type="stmt"/>
      <line num="559" count="0" type="stmt"/>
      <line num="560" count="0" type="stmt"/>
      <line num="561" count="0" type="stmt"/>
      <line num="564" count="0" type="stmt"/>
      <line num="568" count="0" type="cond" truecount="0" falsecount="2"/>
      <line num="569" count="0" type="stmt"/>
      <line num="571" count="0" type="stmt"/>
      <line num="575" count="0" type="cond" truecount="0" falsecount="2"/>
      <line num="576" count="0" type="stmt"/>
      <line num="577" count="0" type="stmt"/>
      <line num="579" count="0" type="stmt"/>
      <line num="582" count="0" type="stmt"/>
    </file>
    <file name="sw.js" path="/Users/bradwoo/smart_port/it-english-coach/sw.js">
      <metrics statements="17" coveredstatements="0" conditionals="4" coveredconditionals="0" methods="7" coveredmethods="0"/>
      <line num="2" count="0" type="stmt"/>
      <line num="3" count="0" type="stmt"/>
      <line num="12" count="0" type="stmt"/>
      <line num="13" count="0" type="stmt"/>
      <line num="16" count="0" type="stmt"/>
      <line num="17" count="0" type="stmt"/>
      <line num="23" count="0" type="stmt"/>
      <line num="24" count="0" type="stmt"/>
      <line num="28" count="0" type="cond" truecount="0" falsecount="2"/>
      <line num="29" count="0" type="stmt"/>
      <line num="31" count="0" type="stmt"/>
      <line num="38" count="0" type="stmt"/>
      <line num="39" count="0" type="stmt"/>
      <line num="40" count="0" type="stmt"/>
      <line num="42" count="0" type="stmt"/>
      <line num="44" count="0" type="cond" truecount="0" falsecount="2"/>
      <line num="45" count="0" type="stmt"/>
    </file>
  </project>
</coverage>
