{"/Users/bradwoo/smart_port/it-english-coach/script.js": {"path":"/Users/bradwoo/smart_port/it-english-coach/script.js","statementMap":{"0":{"start":{"line":4,"column":18},"end":{"line":105,"column":1}},"1":{"start":{"line":107,"column":25},"end":{"line":156,"column":1}},"2":{"start":{"line":158,"column":22},"end":{"line":177,"column":1}},"3":{"start":{"line":179,"column":17},"end":{"line":189,"column":1}},"4":{"start":{"line":191,"column":21},"end":{"line":227,"column":1}},"5":{"start":{"line":229,"column":21},"end":{"line":284,"column":1}},"6":{"start":{"line":287,"column":27},"end":{"line":287,"column":28}},"7":{"start":{"line":288,"column":27},"end":{"line":288,"column":28}},"8":{"start":{"line":289,"column":19},"end":{"line":289,"column":24}},"9":{"start":{"line":290,"column":19},"end":{"line":296,"column":1}},"10":{"start":{"line":298,"column":23},"end":{"line":298,"column":62}},"11":{"start":{"line":299,"column":24},"end":{"line":299,"column":64}},"12":{"start":{"line":300,"column":24},"end":{"line":300,"column":64}},"13":{"start":{"line":301,"column":23},"end":{"line":301,"column":62}},"14":{"start":{"line":302,"column":26},"end":{"line":302,"column":68}},"15":{"start":{"line":303,"column":31},"end":{"line":303,"column":78}},"16":{"start":{"line":304,"column":22},"end":{"line":304,"column":60}},"17":{"start":{"line":305,"column":25},"end":{"line":305,"column":66}},"18":{"start":{"line":306,"column":21},"end":{"line":306,"column":58}},"19":{"start":{"line":307,"column":27},"end":{"line":307,"column":70}},"20":{"start":{"line":309,"column":23},"end":{"line":309,"column":62}},"21":{"start":{"line":310,"column":21},"end":{"line":310,"column":58}},"22":{"start":{"line":311,"column":24},"end":{"line":311,"column":64}},"23":{"start":{"line":312,"column":24},"end":{"line":312,"column":64}},"24":{"start":{"line":313,"column":22},"end":{"line":313,"column":60}},"25":{"start":{"line":315,"column":27},"end":{"line":315,"column":70}},"26":{"start":{"line":317,"column":27},"end":{"line":317,"column":70}},"27":{"start":{"line":318,"column":26},"end":{"line":318,"column":68}},"28":{"start":{"line":319,"column":32},"end":{"line":319,"column":80}},"29":{"start":{"line":320,"column":24},"end":{"line":320,"column":64}},"30":{"start":{"line":321,"column":26},"end":{"line":321,"column":68}},"31":{"start":{"line":322,"column":26},"end":{"line":322,"column":68}},"32":{"start":{"line":324,"column":23},"end":{"line":324,"column":62}},"33":{"start":{"line":325,"column":22},"end":{"line":325,"column":60}},"34":{"start":{"line":326,"column":23},"end":{"line":326,"column":62}},"35":{"start":{"line":328,"column":19},"end":{"line":328,"column":54}},"36":{"start":{"line":329,"column":22},"end":{"line":329,"column":60}},"37":{"start":{"line":330,"column":27},"end":{"line":330,"column":70}},"38":{"start":{"line":331,"column":25},"end":{"line":331,"column":66}},"39":{"start":{"line":332,"column":24},"end":{"line":332,"column":64}},"40":{"start":{"line":335,"column":4},"end":{"line":341,"column":18}},"41":{"start":{"line":336,"column":34},"end":{"line":340,"column":9}},"42":{"start":{"line":343,"column":4},"end":{"line":349,"column":7}},"43":{"start":{"line":344,"column":8},"end":{"line":348,"column":11}},"44":{"start":{"line":345,"column":12},"end":{"line":345,"column":61}},"45":{"start":{"line":346,"column":12},"end":{"line":346,"column":33}},"46":{"start":{"line":347,"column":12},"end":{"line":347,"column":35}},"47":{"start":{"line":353,"column":21},"end":{"line":353,"column":52}},"48":{"start":{"line":354,"column":4},"end":{"line":354,"column":49}},"49":{"start":{"line":355,"column":4},"end":{"line":355,"column":49}},"50":{"start":{"line":356,"column":4},"end":{"line":356,"column":47}},"51":{"start":{"line":357,"column":4},"end":{"line":357,"column":45}},"52":{"start":{"line":358,"column":4},"end":{"line":358,"column":51}},"53":{"start":{"line":359,"column":4},"end":{"line":359,"column":51}},"54":{"start":{"line":360,"column":4},"end":{"line":360,"column":63}},"55":{"start":{"line":362,"column":4},"end":{"line":362,"column":94}},"56":{"start":{"line":362,"column":65},"end":{"line":362,"column":83}},"57":{"start":{"line":363,"column":4},"end":{"line":363,"column":104}},"58":{"start":{"line":363,"column":75},"end":{"line":363,"column":93}},"59":{"start":{"line":367,"column":4},"end":{"line":376,"column":18}},"60":{"start":{"line":368,"column":24},"end":{"line":375,"column":9}},"61":{"start":{"line":372,"column":48},"end":{"line":372,"column":66}},"62":{"start":{"line":380,"column":17},"end":{"line":380,"column":52}},"63":{"start":{"line":381,"column":4},"end":{"line":381,"column":51}},"64":{"start":{"line":382,"column":4},"end":{"line":382,"column":49}},"65":{"start":{"line":383,"column":4},"end":{"line":383,"column":71}},"66":{"start":{"line":384,"column":4},"end":{"line":384,"column":55}},"67":{"start":{"line":388,"column":4},"end":{"line":388,"column":51}},"68":{"start":{"line":389,"column":4},"end":{"line":391,"column":18}},"69":{"start":{"line":390,"column":32},"end":{"line":390,"column":102}},"70":{"start":{"line":392,"column":4},"end":{"line":392,"column":48}},"71":{"start":{"line":394,"column":4},"end":{"line":416,"column":7}},"72":{"start":{"line":395,"column":8},"end":{"line":415,"column":11}},"73":{"start":{"line":396,"column":12},"end":{"line":398,"column":13}},"74":{"start":{"line":397,"column":16},"end":{"line":397,"column":23}},"75":{"start":{"line":400,"column":34},"end":{"line":400,"column":62}},"76":{"start":{"line":401,"column":12},"end":{"line":401,"column":32}},"77":{"start":{"line":403,"column":12},"end":{"line":409,"column":15}},"78":{"start":{"line":404,"column":16},"end":{"line":408,"column":17}},"79":{"start":{"line":405,"column":20},"end":{"line":405,"column":58}},"80":{"start":{"line":406,"column":23},"end":{"line":408,"column":17}},"81":{"start":{"line":407,"column":20},"end":{"line":407,"column":56}},"82":{"start":{"line":411,"column":12},"end":{"line":414,"column":53}},"83":{"start":{"line":420,"column":4},"end":{"line":430,"column":18}},"84":{"start":{"line":421,"column":23},"end":{"line":429,"column":9}},"85":{"start":{"line":434,"column":18},"end":{"line":434,"column":45}},"86":{"start":{"line":436,"column":4},"end":{"line":444,"column":5}},"87":{"start":{"line":437,"column":8},"end":{"line":437,"column":137}},"88":{"start":{"line":438,"column":8},"end":{"line":442,"column":10}},"89":{"start":{"line":443,"column":8},"end":{"line":443,"column":15}},"90":{"start":{"line":446,"column":24},"end":{"line":446,"column":75}},"91":{"start":{"line":446,"column":52},"end":{"line":446,"column":74}},"92":{"start":{"line":448,"column":4},"end":{"line":455,"column":5}},"93":{"start":{"line":449,"column":8},"end":{"line":449,"column":57}},"94":{"start":{"line":450,"column":8},"end":{"line":450,"column":92}},"95":{"start":{"line":450,"column":64},"end":{"line":450,"column":81}},"96":{"start":{"line":453,"column":8},"end":{"line":453,"column":25}},"97":{"start":{"line":454,"column":8},"end":{"line":454,"column":15}},"98":{"start":{"line":458,"column":4},"end":{"line":458,"column":199}},"99":{"start":{"line":459,"column":4},"end":{"line":463,"column":6}},"100":{"start":{"line":465,"column":4},"end":{"line":465,"column":21}},"101":{"start":{"line":470,"column":4},"end":{"line":474,"column":5}},"102":{"start":{"line":471,"column":8},"end":{"line":471,"column":38}},"103":{"start":{"line":472,"column":8},"end":{"line":473,"column":73}},"104":{"start":{"line":478,"column":4},"end":{"line":478,"column":55}},"105":{"start":{"line":479,"column":4},"end":{"line":479,"column":23}},"106":{"start":{"line":483,"column":4},"end":{"line":483,"column":50}},"107":{"start":{"line":484,"column":20},"end":{"line":484,"column":67}},"108":{"start":{"line":485,"column":4},"end":{"line":485,"column":58}},"109":{"start":{"line":486,"column":4},"end":{"line":486,"column":76}},"110":{"start":{"line":490,"column":23},"end":{"line":490,"column":66}},"111":{"start":{"line":491,"column":4},"end":{"line":494,"column":5}},"112":{"start":{"line":492,"column":8},"end":{"line":492,"column":51}},"113":{"start":{"line":493,"column":8},"end":{"line":493,"column":43}},"114":{"start":{"line":498,"column":26},"end":{"line":498,"column":72}},"115":{"start":{"line":499,"column":4},"end":{"line":506,"column":5}},"116":{"start":{"line":500,"column":8},"end":{"line":505,"column":9}},"117":{"start":{"line":501,"column":12},"end":{"line":501,"column":53}},"118":{"start":{"line":502,"column":12},"end":{"line":502,"column":36}},"119":{"start":{"line":504,"column":12},"end":{"line":504,"column":57}},"120":{"start":{"line":510,"column":4},"end":{"line":510,"column":81}},"121":{"start":{"line":514,"column":4},"end":{"line":514,"column":84}},"122":{"start":{"line":515,"column":4},"end":{"line":516,"column":69}},"123":{"start":{"line":517,"column":4},"end":{"line":518,"column":37}},"124":{"start":{"line":519,"column":4},"end":{"line":520,"column":43}},"125":{"start":{"line":524,"column":4},"end":{"line":524,"column":61}},"126":{"start":{"line":525,"column":4},"end":{"line":525,"column":58}},"127":{"start":{"line":527,"column":4},"end":{"line":530,"column":7}},"128":{"start":{"line":528,"column":8},"end":{"line":528,"column":104}},"129":{"start":{"line":529,"column":8},"end":{"line":529,"column":29}},"130":{"start":{"line":532,"column":4},"end":{"line":535,"column":7}},"131":{"start":{"line":533,"column":8},"end":{"line":533,"column":81}},"132":{"start":{"line":534,"column":8},"end":{"line":534,"column":29}},"133":{"start":{"line":537,"column":4},"end":{"line":537,"column":57}},"134":{"start":{"line":539,"column":4},"end":{"line":541,"column":7}},"135":{"start":{"line":540,"column":8},"end":{"line":540,"column":84}},"136":{"start":{"line":543,"column":4},"end":{"line":545,"column":7}},"137":{"start":{"line":544,"column":8},"end":{"line":544,"column":82}},"138":{"start":{"line":547,"column":4},"end":{"line":549,"column":7}},"139":{"start":{"line":548,"column":8},"end":{"line":548,"column":133}},"140":{"start":{"line":553,"column":4},"end":{"line":553,"column":16}},"141":{"start":{"line":554,"column":4},"end":{"line":554,"column":19}},"142":{"start":{"line":555,"column":4},"end":{"line":555,"column":25}},"143":{"start":{"line":556,"column":4},"end":{"line":556,"column":27}},"144":{"start":{"line":557,"column":4},"end":{"line":557,"column":29}},"145":{"start":{"line":558,"column":4},"end":{"line":558,"column":25}},"146":{"start":{"line":559,"column":4},"end":{"line":559,"column":17}},"147":{"start":{"line":560,"column":4},"end":{"line":560,"column":17}},"148":{"start":{"line":561,"column":4},"end":{"line":561,"column":17}},"149":{"start":{"line":564,"column":4},"end":{"line":564,"column":37}},"150":{"start":{"line":568,"column":0},"end":{"line":572,"column":1}},"151":{"start":{"line":569,"column":4},"end":{"line":569,"column":56}},"152":{"start":{"line":571,"column":4},"end":{"line":571,"column":11}},"153":{"start":{"line":575,"column":0},"end":{"line":585,"column":1}},"154":{"start":{"line":576,"column":4},"end":{"line":584,"column":7}},"155":{"start":{"line":577,"column":8},"end":{"line":583,"column":15}},"156":{"start":{"line":579,"column":16},"end":{"line":579,"column":77}},"157":{"start":{"line":582,"column":16},"end":{"line":582,"column":73}}},"fnMap":{"0":{"name":"renderScenarioTabs","decl":{"start":{"line":334,"column":9},"end":{"line":334,"column":27}},"loc":{"start":{"line":334,"column":30},"end":{"line":350,"column":1}},"line":334},"1":{"name":"(anonymous_1)","decl":{"start":{"line":336,"column":13},"end":{"line":336,"column":14}},"loc":{"start":{"line":336,"column":34},"end":{"line":340,"column":9}},"line":336},"2":{"name":"(anonymous_2)","decl":{"start":{"line":343,"column":55},"end":{"line":343,"column":56}},"loc":{"start":{"line":343,"column":64},"end":{"line":349,"column":5}},"line":343},"3":{"name":"(anonymous_3)","decl":{"start":{"line":344,"column":38},"end":{"line":344,"column":39}},"loc":{"start":{"line":344,"column":44},"end":{"line":348,"column":9}},"line":344},"4":{"name":"renderScenarioDetail","decl":{"start":{"line":352,"column":9},"end":{"line":352,"column":29}},"loc":{"start":{"line":352,"column":32},"end":{"line":364,"column":1}},"line":352},"5":{"name":"(anonymous_5)","decl":{"start":{"line":362,"column":55},"end":{"line":362,"column":56}},"loc":{"start":{"line":362,"column":65},"end":{"line":362,"column":83}},"line":362},"6":{"name":"(anonymous_6)","decl":{"start":{"line":363,"column":65},"end":{"line":363,"column":66}},"loc":{"start":{"line":363,"column":75},"end":{"line":363,"column":93}},"line":363},"7":{"name":"renderExpressionGroups","decl":{"start":{"line":366,"column":9},"end":{"line":366,"column":31}},"loc":{"start":{"line":366,"column":34},"end":{"line":377,"column":1}},"line":366},"8":{"name":"(anonymous_8)","decl":{"start":{"line":368,"column":13},"end":{"line":368,"column":14}},"loc":{"start":{"line":368,"column":24},"end":{"line":375,"column":9}},"line":368},"9":{"name":"(anonymous_9)","decl":{"start":{"line":372,"column":38},"end":{"line":372,"column":39}},"loc":{"start":{"line":372,"column":48},"end":{"line":372,"column":66}},"line":372},"10":{"name":"renderSpeakingCard","decl":{"start":{"line":379,"column":9},"end":{"line":379,"column":27}},"loc":{"start":{"line":379,"column":30},"end":{"line":385,"column":1}},"line":379},"11":{"name":"renderQuiz","decl":{"start":{"line":387,"column":9},"end":{"line":387,"column":19}},"loc":{"start":{"line":387,"column":22},"end":{"line":417,"column":1}},"line":387},"12":{"name":"(anonymous_12)","decl":{"start":{"line":390,"column":13},"end":{"line":390,"column":14}},"loc":{"start":{"line":390,"column":32},"end":{"line":390,"column":102}},"line":390},"13":{"name":"(anonymous_13)","decl":{"start":{"line":394,"column":54},"end":{"line":394,"column":55}},"loc":{"start":{"line":394,"column":66},"end":{"line":416,"column":5}},"line":394},"14":{"name":"(anonymous_14)","decl":{"start":{"line":395,"column":41},"end":{"line":395,"column":42}},"loc":{"start":{"line":395,"column":47},"end":{"line":415,"column":9}},"line":395},"15":{"name":"(anonymous_15)","decl":{"start":{"line":403,"column":62},"end":{"line":403,"column":63}},"loc":{"start":{"line":403,"column":93},"end":{"line":409,"column":13}},"line":403},"16":{"name":"renderPlan","decl":{"start":{"line":419,"column":9},"end":{"line":419,"column":19}},"loc":{"start":{"line":419,"column":22},"end":{"line":431,"column":1}},"line":419},"17":{"name":"(anonymous_17)","decl":{"start":{"line":421,"column":13},"end":{"line":421,"column":14}},"loc":{"start":{"line":421,"column":23},"end":{"line":429,"column":9}},"line":421},"18":{"name":"rewriteInputText","decl":{"start":{"line":433,"column":9},"end":{"line":433,"column":25}},"loc":{"start":{"line":433,"column":28},"end":{"line":466,"column":1}},"line":433},"19":{"name":"(anonymous_19)","decl":{"start":{"line":446,"column":42},"end":{"line":446,"column":43}},"loc":{"start":{"line":446,"column":52},"end":{"line":446,"column":74}},"line":446},"20":{"name":"(anonymous_20)","decl":{"start":{"line":450,"column":55},"end":{"line":450,"column":56}},"loc":{"start":{"line":450,"column":64},"end":{"line":450,"column":81}},"line":450},"21":{"name":"updateProgress","decl":{"start":{"line":468,"column":9},"end":{"line":468,"column":23}},"loc":{"start":{"line":468,"column":26},"end":{"line":475,"column":1}},"line":468},"22":{"name":"loadSample","decl":{"start":{"line":477,"column":9},"end":{"line":477,"column":19}},"loc":{"start":{"line":477,"column":22},"end":{"line":480,"column":1}},"line":477},"23":{"name":"toggleTheme","decl":{"start":{"line":482,"column":9},"end":{"line":482,"column":20}},"loc":{"start":{"line":482,"column":23},"end":{"line":487,"column":1}},"line":482},"24":{"name":"loadTheme","decl":{"start":{"line":489,"column":9},"end":{"line":489,"column":18}},"loc":{"start":{"line":489,"column":21},"end":{"line":495,"column":1}},"line":489},"25":{"name":"loadProgress","decl":{"start":{"line":497,"column":9},"end":{"line":497,"column":21}},"loc":{"start":{"line":497,"column":24},"end":{"line":507,"column":1}},"line":497},"26":{"name":"saveProgress","decl":{"start":{"line":509,"column":9},"end":{"line":509,"column":21}},"loc":{"start":{"line":509,"column":24},"end":{"line":511,"column":1}},"line":509},"27":{"name":"updateProgressDisplay","decl":{"start":{"line":513,"column":9},"end":{"line":513,"column":30}},"loc":{"start":{"line":513,"column":33},"end":{"line":521,"column":1}},"line":513},"28":{"name":"bindEvents","decl":{"start":{"line":523,"column":9},"end":{"line":523,"column":19}},"loc":{"start":{"line":523,"column":22},"end":{"line":550,"column":1}},"line":523},"29":{"name":"(anonymous_29)","decl":{"start":{"line":527,"column":48},"end":{"line":527,"column":49}},"loc":{"start":{"line":527,"column":54},"end":{"line":530,"column":5}},"line":527},"30":{"name":"(anonymous_30)","decl":{"start":{"line":532,"column":48},"end":{"line":532,"column":49}},"loc":{"start":{"line":532,"column":54},"end":{"line":535,"column":5}},"line":532},"31":{"name":"(anonymous_31)","decl":{"start":{"line":539,"column":49},"end":{"line":539,"column":50}},"loc":{"start":{"line":539,"column":55},"end":{"line":541,"column":5}},"line":539},"32":{"name":"(anonymous_32)","decl":{"start":{"line":543,"column":47},"end":{"line":543,"column":48}},"loc":{"start":{"line":543,"column":53},"end":{"line":545,"column":5}},"line":543},"33":{"name":"(anonymous_33)","decl":{"start":{"line":547,"column":46},"end":{"line":547,"column":47}},"loc":{"start":{"line":547,"column":52},"end":{"line":549,"column":5}},"line":547},"34":{"name":"init","decl":{"start":{"line":552,"column":9},"end":{"line":552,"column":13}},"loc":{"start":{"line":552,"column":16},"end":{"line":565,"column":1}},"line":552},"35":{"name":"(anonymous_35)","decl":{"start":{"line":576,"column":36},"end":{"line":576,"column":37}},"loc":{"start":{"line":576,"column":42},"end":{"line":584,"column":5}},"line":576},"36":{"name":"(anonymous_36)","decl":{"start":{"line":578,"column":18},"end":{"line":578,"column":19}},"loc":{"start":{"line":578,"column":36},"end":{"line":580,"column":13}},"line":578},"37":{"name":"(anonymous_37)","decl":{"start":{"line":581,"column":19},"end":{"line":581,"column":20}},"loc":{"start":{"line":581,"column":30},"end":{"line":583,"column":13}},"line":581}},"branchMap":{"0":{"loc":{"start":{"line":337,"column":42},"end":{"line":337,"column":88}},"type":"cond-expr","locations":[{"start":{"line":337,"column":75},"end":{"line":337,"column":83}},{"start":{"line":337,"column":86},"end":{"line":337,"column":88}}],"line":337},"1":{"loc":{"start":{"line":396,"column":12},"end":{"line":398,"column":13}},"type":"if","locations":[{"start":{"line":396,"column":12},"end":{"line":398,"column":13}},{"start":{},"end":{}}],"line":396},"2":{"loc":{"start":{"line":404,"column":16},"end":{"line":408,"column":17}},"type":"if","locations":[{"start":{"line":404,"column":16},"end":{"line":408,"column":17}},{"start":{"line":406,"column":23},"end":{"line":408,"column":17}}],"line":404},"3":{"loc":{"start":{"line":406,"column":23},"end":{"line":408,"column":17}},"type":"if","locations":[{"start":{"line":406,"column":23},"end":{"line":408,"column":17}},{"start":{},"end":{}}],"line":406},"4":{"loc":{"start":{"line":412,"column":16},"end":{"line":414,"column":52}},"type":"cond-expr","locations":[{"start":{"line":413,"column":22},"end":{"line":413,"column":52}},{"start":{"line":414,"column":22},"end":{"line":414,"column":52}}],"line":412},"5":{"loc":{"start":{"line":436,"column":4},"end":{"line":444,"column":5}},"type":"if","locations":[{"start":{"line":436,"column":4},"end":{"line":444,"column":5}},{"start":{},"end":{}}],"line":436},"6":{"loc":{"start":{"line":448,"column":4},"end":{"line":455,"column":5}},"type":"if","locations":[{"start":{"line":448,"column":4},"end":{"line":455,"column":5}},{"start":{},"end":{}}],"line":448},"7":{"loc":{"start":{"line":470,"column":4},"end":{"line":474,"column":5}},"type":"if","locations":[{"start":{"line":470,"column":4},"end":{"line":474,"column":5}},{"start":{},"end":{}}],"line":470},"8":{"loc":{"start":{"line":485,"column":32},"end":{"line":485,"column":57}},"type":"cond-expr","locations":[{"start":{"line":485,"column":42},"end":{"line":485,"column":48}},{"start":{"line":485,"column":51},"end":{"line":485,"column":57}}],"line":485},"9":{"loc":{"start":{"line":486,"column":48},"end":{"line":486,"column":74}},"type":"cond-expr","locations":[{"start":{"line":486,"column":58},"end":{"line":486,"column":65}},{"start":{"line":486,"column":68},"end":{"line":486,"column":74}}],"line":486},"10":{"loc":{"start":{"line":491,"column":4},"end":{"line":494,"column":5}},"type":"if","locations":[{"start":{"line":491,"column":4},"end":{"line":494,"column":5}},{"start":{},"end":{}}],"line":491},"11":{"loc":{"start":{"line":499,"column":4},"end":{"line":506,"column":5}},"type":"if","locations":[{"start":{"line":499,"column":4},"end":{"line":506,"column":5}},{"start":{},"end":{}}],"line":499},"12":{"loc":{"start":{"line":568,"column":0},"end":{"line":572,"column":1}},"type":"if","locations":[{"start":{"line":568,"column":0},"end":{"line":572,"column":1}},{"start":{"line":570,"column":7},"end":{"line":572,"column":1}}],"line":568},"13":{"loc":{"start":{"line":575,"column":0},"end":{"line":585,"column":1}},"type":"if","locations":[{"start":{"line":575,"column":0},"end":{"line":585,"column":1}},{"start":{},"end":{}}],"line":575}},"s":{"0":0,"1":0,"2":0,"3":0,"4":0,"5":0,"6":0,"7":0,"8":0,"9":0,"10":0,"11":0,"12":0,"13":0,"14":0,"15":0,"16":0,"17":0,"18":0,"19":0,"20":0,"21":0,"22":0,"23":0,"24":0,"25":0,"26":0,"27":0,"28":0,"29":0,"30":0,"31":0,"32":0,"33":0,"34":0,"35":0,"36":0,"37":0,"38":0,"39":0,"40":0,"41":0,"42":0,"43":0,"44":0,"45":0,"46":0,"47":0,"48":0,"49":0,"50":0,"51":0,"52":0,"53":0,"54":0,"55":0,"56":0,"57":0,"58":0,"59":0,"60":0,"61":0,"62":0,"63":0,"64":0,"65":0,"66":0,"67":0,"68":0,"69":0,"70":0,"71":0,"72":0,"73":0,"74":0,"75":0,"76":0,"77":0,"78":0,"79":0,"80":0,"81":0,"82":0,"83":0,"84":0,"85":0,"86":0,"87":0,"88":0,"89":0,"90":0,"91":0,"92":0,"93":0,"94":0,"95":0,"96":0,"97":0,"98":0,"99":0,"100":0,"101":0,"102":0,"103":0,"104":0,"105":0,"106":0,"107":0,"108":0,"109":0,"110":0,"111":0,"112":0,"113":0,"114":0,"115":0,"116":0,"117":0,"118":0,"119":0,"120":0,"121":0,"122":0,"123":0,"124":0,"125":0,"126":0,"127":0,"128":0,"129":0,"130":0,"131":0,"132":0,"133":0,"134":0,"135":0,"136":0,"137":0,"138":0,"139":0,"140":0,"141":0,"142":0,"143":0,"144":0,"145":0,"146":0,"147":0,"148":0,"149":0,"150":0,"151":0,"152":0,"153":0,"154":0,"155":0,"156":0,"157":0},"f":{"0":0,"1":0,"2":0,"3":0,"4":0,"5":0,"6":0,"7":0,"8":0,"9":0,"10":0,"11":0,"12":0,"13":0,"14":0,"15":0,"16":0,"17":0,"18":0,"19":0,"20":0,"21":0,"22":0,"23":0,"24":0,"25":0,"26":0,"27":0,"28":0,"29":0,"30":0,"31":0,"32":0,"33":0,"34":0,"35":0,"36":0,"37":0},"b":{"0":[0,0],"1":[0,0],"2":[0,0],"3":[0,0],"4":[0,0],"5":[0,0],"6":[0,0],"7":[0,0],"8":[0,0],"9":[0,0],"10":[0,0],"11":[0,0],"12":[0,0],"13":[0,0]}}
,"/Users/bradwoo/smart_port/it-english-coach/sw.js": {"path":"/Users/bradwoo/smart_port/it-english-coach/sw.js","statementMap":{"0":{"start":{"line":2,"column":19},"end":{"line":2,"column":40}},"1":{"start":{"line":3,"column":20},"end":{"line":9,"column":1}},"2":{"start":{"line":12,"column":0},"end":{"line":20,"column":3}},"3":{"start":{"line":13,"column":2},"end":{"line":19,"column":4}},"4":{"start":{"line":16,"column":8},"end":{"line":16,"column":36}},"5":{"start":{"line":17,"column":8},"end":{"line":17,"column":41}},"6":{"start":{"line":23,"column":0},"end":{"line":35,"column":3}},"7":{"start":{"line":24,"column":2},"end":{"line":34,"column":4}},"8":{"start":{"line":28,"column":8},"end":{"line":30,"column":9}},"9":{"start":{"line":29,"column":10},"end":{"line":29,"column":26}},"10":{"start":{"line":31,"column":8},"end":{"line":31,"column":36}},"11":{"start":{"line":38,"column":0},"end":{"line":51,"column":3}},"12":{"start":{"line":39,"column":25},"end":{"line":39,"column":37}},"13":{"start":{"line":40,"column":2},"end":{"line":50,"column":4}},"14":{"start":{"line":42,"column":6},"end":{"line":48,"column":8}},"15":{"start":{"line":44,"column":10},"end":{"line":46,"column":11}},"16":{"start":{"line":45,"column":12},"end":{"line":45,"column":44}}},"fnMap":{"0":{"name":"(anonymous_0)","decl":{"start":{"line":12,"column":33},"end":{"line":12,"column":34}},"loc":{"start":{"line":12,"column":44},"end":{"line":20,"column":1}},"line":12},"1":{"name":"(anonymous_1)","decl":{"start":{"line":15,"column":12},"end":{"line":15,"column":13}},"loc":{"start":{"line":15,"column":23},"end":{"line":18,"column":7}},"line":15},"2":{"name":"(anonymous_2)","decl":{"start":{"line":23,"column":31},"end":{"line":23,"column":32}},"loc":{"start":{"line":23,"column":42},"end":{"line":35,"column":1}},"line":23},"3":{"name":"(anonymous_3)","decl":{"start":{"line":26,"column":12},"end":{"line":26,"column":13}},"loc":{"start":{"line":26,"column":26},"end":{"line":32,"column":7}},"line":26},"4":{"name":"(anonymous_4)","decl":{"start":{"line":38,"column":34},"end":{"line":38,"column":35}},"loc":{"start":{"line":38,"column":45},"end":{"line":51,"column":1}},"line":38},"5":{"name":"(anonymous_5)","decl":{"start":{"line":41,"column":23},"end":{"line":41,"column":24}},"loc":{"start":{"line":41,"column":39},"end":{"line":49,"column":5}},"line":41},"6":{"name":"(anonymous_6)","decl":{"start":{"line":43,"column":23},"end":{"line":43,"column":24}},"loc":{"start":{"line":43,"column":38},"end":{"line":47,"column":9}},"line":43}},"branchMap":{"0":{"loc":{"start":{"line":28,"column":8},"end":{"line":30,"column":9}},"type":"if","locations":[{"start":{"line":28,"column":8},"end":{"line":30,"column":9}},{"start":{},"end":{}}],"line":28},"1":{"loc":{"start":{"line":44,"column":10},"end":{"line":46,"column":11}},"type":"if","locations":[{"start":{"line":44,"column":10},"end":{"line":46,"column":11}},{"start":{},"end":{}}],"line":44}},"s":{"0":0,"1":0,"2":0,"3":0,"4":0,"5":0,"6":0,"7":0,"8":0,"9":0,"10":0,"11":0,"12":0,"13":0,"14":0,"15":0,"16":0},"f":{"0":0,"1":0,"2":0,"3":0,"4":0,"5":0,"6":0},"b":{"0":[0,0],"1":[0,0]}}
}
