TN:
SF:script.js
FN:334,renderScenarioTabs
FN:336,(anonymous_1)
FN:343,(anonymous_2)
FN:344,(anonymous_3)
FN:352,renderScenarioDetail
FN:362,(anonymous_5)
FN:363,(anonymous_6)
FN:366,renderExpressionGroups
FN:368,(anonymous_8)
FN:372,(anonymous_9)
FN:379,renderSpeakingCard
FN:387,renderQuiz
FN:390,(anonymous_12)
FN:394,(anonymous_13)
FN:395,(anonymous_14)
FN:403,(anonymous_15)
FN:419,renderPlan
FN:421,(anonymous_17)
FN:433,rewriteInputText
FN:446,(anonymous_19)
FN:450,(anonymous_20)
FN:468,updateProgress
FN:477,loadSample
FN:482,toggleTheme
FN:489,loadTheme
FN:497,loadProgress
FN:509,saveProgress
FN:513,updateProgressDisplay
FN:523,bindEvents
FN:527,(anonymous_29)
FN:532,(anonymous_30)
FN:539,(anonymous_31)
FN:543,(anonymous_32)
FN:547,(anonymous_33)
FN:552,init
FN:576,(anonymous_35)
FN:578,(anonymous_36)
FN:581,(anonymous_37)
FNF:38
FNH:0
FNDA:0,renderScenarioTabs
FNDA:0,(anonymous_1)
FNDA:0,(anonymous_2)
FNDA:0,(anonymous_3)
FNDA:0,renderScenarioDetail
FNDA:0,(anonymous_5)
FNDA:0,(anonymous_6)
FNDA:0,renderExpressionGroups
FNDA:0,(anonymous_8)
FNDA:0,(anonymous_9)
FNDA:0,renderSpeakingCard
FNDA:0,renderQuiz
FNDA:0,(anonymous_12)
FNDA:0,(anonymous_13)
FNDA:0,(anonymous_14)
FNDA:0,(anonymous_15)
FNDA:0,renderPlan
FNDA:0,(anonymous_17)
FNDA:0,rewriteInputText
FNDA:0,(anonymous_19)
FNDA:0,(anonymous_20)
FNDA:0,updateProgress
FNDA:0,loadSample
FNDA:0,toggleTheme
FNDA:0,loadTheme
FNDA:0,loadProgress
FNDA:0,saveProgress
FNDA:0,updateProgressDisplay
FNDA:0,bindEvents
FNDA:0,(anonymous_29)
FNDA:0,(anonymous_30)
FNDA:0,(anonymous_31)
FNDA:0,(anonymous_32)
FNDA:0,(anonymous_33)
FNDA:0,init
FNDA:0,(anonymous_35)
FNDA:0,(anonymous_36)
FNDA:0,(anonymous_37)
DA:4,0
DA:107,0
DA:158,0
DA:179,0
DA:191,0
DA:229,0
DA:287,0
DA:288,0
DA:289,0
DA:290,0
DA:298,0
DA:299,0
DA:300,0
DA:301,0
DA:302,0
DA:303,0
DA:304,0
DA:305,0
DA:306,0
DA:307,0
DA:309,0
DA:310,0
DA:311,0
DA:312,0
DA:313,0
DA:315,0
DA:317,0
DA:318,0
DA:319,0
DA:320,0
DA:321,0
DA:322,0
DA:324,0
DA:325,0
DA:326,0
DA:328,0
DA:329,0
DA:330,0
DA:331,0
DA:332,0
DA:335,0
DA:336,0
DA:343,0
DA:344,0
DA:345,0
DA:346,0
DA:347,0
DA:353,0
DA:354,0
DA:355,0
DA:356,0
DA:357,0
DA:358,0
DA:359,0
DA:360,0
DA:362,0
DA:363,0
DA:367,0
DA:368,0
DA:372,0
DA:380,0
DA:381,0
DA:382,0
DA:383,0
DA:384,0
DA:388,0
DA:389,0
DA:390,0
DA:392,0
DA:394,0
DA:395,0
DA:396,0
DA:397,0
DA:400,0
DA:401,0
DA:403,0
DA:404,0
DA:405,0
DA:406,0
DA:407,0
DA:411,0
DA:420,0
DA:421,0
DA:434,0
DA:436,0
DA:437,0
DA:438,0
DA:443,0
DA:446,0
DA:448,0
DA:449,0
DA:450,0
DA:453,0
DA:454,0
DA:458,0
DA:459,0
DA:465,0
DA:470,0
DA:471,0
DA:472,0
DA:478,0
DA:479,0
DA:483,0
DA:484,0
DA:485,0
DA:486,0
DA:490,0
DA:491,0
DA:492,0
DA:493,0
DA:498,0
DA:499,0
DA:500,0
DA:501,0
DA:502,0
DA:504,0
DA:510,0
DA:514,0
DA:515,0
DA:517,0
DA:519,0
DA:524,0
DA:525,0
DA:527,0
DA:528,0
DA:529,0
DA:532,0
DA:533,0
DA:534,0
DA:537,0
DA:539,0
DA:540,0
DA:543,0
DA:544,0
DA:547,0
DA:548,0
DA:553,0
DA:554,0
DA:555,0
DA:556,0
DA:557,0
DA:558,0
DA:559,0
DA:560,0
DA:561,0
DA:564,0
DA:568,0
DA:569,0
DA:571,0
DA:575,0
DA:576,0
DA:577,0
DA:579,0
DA:582,0
LF:154
LH:0
BRDA:337,0,0,0
BRDA:337,0,1,0
BRDA:396,1,0,0
BRDA:396,1,1,0
BRDA:404,2,0,0
BRDA:404,2,1,0
BRDA:406,3,0,0
BRDA:406,3,1,0
BRDA:412,4,0,0
BRDA:412,4,1,0
BRDA:436,5,0,0
BRDA:436,5,1,0
BRDA:448,6,0,0
BRDA:448,6,1,0
BRDA:470,7,0,0
BRDA:470,7,1,0
BRDA:485,8,0,0
BRDA:485,8,1,0
BRDA:486,9,0,0
BRDA:486,9,1,0
BRDA:491,10,0,0
BRDA:491,10,1,0
BRDA:499,11,0,0
BRDA:499,11,1,0
BRDA:568,12,0,0
BRDA:568,12,1,0
BRDA:575,13,0,0
BRDA:575,13,1,0
BRF:28
BRH:0
end_of_record
TN:
SF:sw.js
FN:12,(anonymous_0)
FN:15,(anonymous_1)
FN:23,(anonymous_2)
FN:26,(anonymous_3)
FN:38,(anonymous_4)
FN:41,(anonymous_5)
FN:43,(anonymous_6)
FNF:7
FNH:0
FNDA:0,(anonymous_0)
FNDA:0,(anonymous_1)
FNDA:0,(anonymous_2)
FNDA:0,(anonymous_3)
FNDA:0,(anonymous_4)
FNDA:0,(anonymous_5)
FNDA:0,(anonymous_6)
DA:2,0
DA:3,0
DA:12,0
DA:13,0
DA:16,0
DA:17,0
DA:23,0
DA:24,0
DA:28,0
DA:29,0
DA:31,0
DA:38,0
DA:39,0
DA:40,0
DA:42,0
DA:44,0
DA:45,0
LF:17
LH:0
BRDA:28,0,0,0
BRDA:28,0,1,0
BRDA:44,1,0,0
BRDA:44,1,1,0
BRF:4
BRH:0
end_of_record
